<?xml version="1.0" encoding="UTF-8"?>
<!-- Generated by org.testng.reporters.JUnitReportReporter -->
<testsuite hostname="Celia" failures="0" tests="3" name="qa.testCasesNinjaTutorials.Register" time="20.703" errors="0" timestamp="2023-03-18T16:00:19 EDT" skipped="0">
  <testcase classname="qa.testCasesNinjaTutorials.Register" name="verifyRegistrationWithMandatoryFields" time="6.244"/>
  <system-out/>
  <testcase classname="qa.testCasesNinjaTutorials.Register" name="verifyRegistrationWithAllFields" time="6.628"/>
  <system-out/>
  <testcase classname="qa.testCasesNinjaTutorials.Register" name="verifyRegistrationWthoutenteringAnything" time="7.831"/>
  <system-out/>
</testsuite> <!-- qa.testCasesNinjaTutorials.Register -->
