<?xml version="1.0" encoding="UTF-8"?>
<!-- Generated by org.testng.reporters.JUnitReportReporter -->
<testsuite hostname="Celia" failures="0" tests="5" name="qa.testCasesNinjaTutorials.LoginTest" time="28.079" errors="0" timestamp="2023-03-18T16:00:19 EDT" skipped="0">
  <testcase classname="qa.testCasesNinjaTutorials.LoginTest" name="verifyLoginWithValidCredential" time="5.973"/>
  <system-out/>
  <testcase classname="qa.testCasesNinjaTutorials.LoginTest" name="verifyLoginWithInvalidCredential" time="5.185"/>
  <system-out/>
  <testcase classname="qa.testCasesNinjaTutorials.LoginTest" name="verifyLoginWithInvalidEmailValidPass" time="5.184"/>
  <system-out/>
  <testcase classname="qa.testCasesNinjaTutorials.LoginTest" name="verifyLoginWithValidEmailInvalidPass" time="6.631"/>
  <system-out/>
  <testcase classname="qa.testCasesNinjaTutorials.LoginTest" name="verifyLoginWithoutcredential" time="5.106"/>
  <system-out/>
</testsuite> <!-- qa.testCasesNinjaTutorials.LoginTest -->
