<?xml version="1.0" encoding="UTF-8"?>
<!-- Generated by org.testng.reporters.JUnitReportReporter -->
<testsuite hostname="Celia" failures="0" tests="3" name="qa.testCasesNinjaTutorials.Search" time="14.754" errors="0" timestamp="2023-03-18T16:00:19 EDT" skipped="0">
  <testcase classname="qa.testCasesNinjaTutorials.Search" name="VerifySearchWithValidProduct" time="4.926"/>
  <system-out/>
  <testcase classname="qa.testCasesNinjaTutorials.Search" name="VerifySearchWithInvalidProduct" time="4.910"/>
  <system-out/>
  <testcase classname="qa.testCasesNinjaTutorials.Search" name="VerifySearchWithoutAnyProduct" time="4.918"/>
  <system-out/>
</testsuite> <!-- qa.testCasesNinjaTutorials.Search -->
